  BufferManager.cpp
  CommandPool.cpp
  FileIO.cpp
  ImageManager.cpp
  InputSystem.cpp
  main.cpp
  Model.cpp
  QueueFamilies.cpp
  RenderSystem.cpp
  Swapchain.cpp
  Texture.cpp
  VkApp.cpp
d:\course_docs\nick_vulkan\uwb-vk\08-multiplemodels\vkapp.cpp(96): warning C4244: '+=': conversion from 'double' to 'float', possible loss of data
d:\course_docs\nick_vulkan\uwb-vk\08-multiplemodels\vkapp.cpp(99): warning C4244: '-=': conversion from 'double' to 'float', possible loss of data
d:\course_docs\nick_vulkan\uwb-vk\08-multiplemodels\vkapp.cpp(105): warning C4244: '+=': conversion from 'double' to 'T', possible loss of data
          with
          [
              T=float
          ]
d:\course_docs\nick_vulkan\uwb-vk\08-multiplemodels\vkapp.cpp(108): warning C4244: '-=': conversion from 'double' to 'T', possible loss of data
          with
          [
              T=float
          ]
d:\course_docs\nick_vulkan\uwb-vk\08-multiplemodels\vkapp.cpp(111): warning C4244: '+=': conversion from 'double' to 'T', possible loss of data
          with
          [
              T=float
          ]
d:\course_docs\nick_vulkan\uwb-vk\08-multiplemodels\vkapp.cpp(114): warning C4244: '-=': conversion from 'double' to 'T', possible loss of data
          with
          [
              T=float
          ]
d:\course_docs\nick_vulkan\uwb-vk\08-multiplemodels\vkapp.cpp(118): warning C4244: '-=': conversion from 'double' to 'float', possible loss of data
d:\course_docs\nick_vulkan\uwb-vk\08-multiplemodels\vkapp.cpp(122): warning C4244: '+=': conversion from 'double' to 'float', possible loss of data
  VulkanContext.cpp
LINK : warning LNK4098: defaultlib 'MSVCRTD' conflicts with use of other libs; use /NODEFAULTLIB:library
  Generating code
  All 2651 functions were compiled because no usable IPDB/IOBJ from previous compilation was found.
  Finished generating code
glfw3.lib(context.obj) : warning LNK4099: PDB 'glfw.pdb' was not found with 'glfw3.lib(context.obj)' or at 'D:\Course_Docs\nick_vulkan\uwb-vk\x64\Release\glfw.pdb'; linking object as if no debug info
glfw3.lib(init.obj) : warning LNK4099: PDB 'glfw.pdb' was not found with 'glfw3.lib(init.obj)' or at 'D:\Course_Docs\nick_vulkan\uwb-vk\x64\Release\glfw.pdb'; linking object as if no debug info
glfw3.lib(input.obj) : warning LNK4099: PDB 'glfw.pdb' was not found with 'glfw3.lib(input.obj)' or at 'D:\Course_Docs\nick_vulkan\uwb-vk\x64\Release\glfw.pdb'; linking object as if no debug info
glfw3.lib(monitor.obj) : warning LNK4099: PDB 'glfw.pdb' was not found with 'glfw3.lib(monitor.obj)' or at 'D:\Course_Docs\nick_vulkan\uwb-vk\x64\Release\glfw.pdb'; linking object as if no debug info
glfw3.lib(vulkan.obj) : warning LNK4099: PDB 'glfw.pdb' was not found with 'glfw3.lib(vulkan.obj)' or at 'D:\Course_Docs\nick_vulkan\uwb-vk\x64\Release\glfw.pdb'; linking object as if no debug info
glfw3.lib(window.obj) : warning LNK4099: PDB 'glfw.pdb' was not found with 'glfw3.lib(window.obj)' or at 'D:\Course_Docs\nick_vulkan\uwb-vk\x64\Release\glfw.pdb'; linking object as if no debug info
glfw3.lib(win32_init.obj) : warning LNK4099: PDB 'glfw.pdb' was not found with 'glfw3.lib(win32_init.obj)' or at 'D:\Course_Docs\nick_vulkan\uwb-vk\x64\Release\glfw.pdb'; linking object as if no debug info
glfw3.lib(win32_joystick.obj) : warning LNK4099: PDB 'glfw.pdb' was not found with 'glfw3.lib(win32_joystick.obj)' or at 'D:\Course_Docs\nick_vulkan\uwb-vk\x64\Release\glfw.pdb'; linking object as if no debug info
glfw3.lib(win32_monitor.obj) : warning LNK4099: PDB 'glfw.pdb' was not found with 'glfw3.lib(win32_monitor.obj)' or at 'D:\Course_Docs\nick_vulkan\uwb-vk\x64\Release\glfw.pdb'; linking object as if no debug info
glfw3.lib(win32_time.obj) : warning LNK4099: PDB 'glfw.pdb' was not found with 'glfw3.lib(win32_time.obj)' or at 'D:\Course_Docs\nick_vulkan\uwb-vk\x64\Release\glfw.pdb'; linking object as if no debug info
glfw3.lib(win32_tls.obj) : warning LNK4099: PDB 'glfw.pdb' was not found with 'glfw3.lib(win32_tls.obj)' or at 'D:\Course_Docs\nick_vulkan\uwb-vk\x64\Release\glfw.pdb'; linking object as if no debug info
glfw3.lib(win32_window.obj) : warning LNK4099: PDB 'glfw.pdb' was not found with 'glfw3.lib(win32_window.obj)' or at 'D:\Course_Docs\nick_vulkan\uwb-vk\x64\Release\glfw.pdb'; linking object as if no debug info
glfw3.lib(wgl_context.obj) : warning LNK4099: PDB 'glfw.pdb' was not found with 'glfw3.lib(wgl_context.obj)' or at 'D:\Course_Docs\nick_vulkan\uwb-vk\x64\Release\glfw.pdb'; linking object as if no debug info
glfw3.lib(egl_context.obj) : warning LNK4099: PDB 'glfw.pdb' was not found with 'glfw3.lib(egl_context.obj)' or at 'D:\Course_Docs\nick_vulkan\uwb-vk\x64\Release\glfw.pdb'; linking object as if no debug info
  08-MultipleModels.vcxproj -> D:\Course_Docs\nick_vulkan\uwb-vk\x64\Release\08-MultipleModels.exe
