C:\Program Files (x86)\Microsoft Visual Studio\2017\Community\Common7\IDE\VC\VCTargets\Microsoft.CppBuild.targets(391,5): warning MSB8028: The intermediate directory (x64\Release\) contains files shared from another project (08-MultipleModels.vcxproj).  This can lead to incorrect clean and rebuild behavior.
  VkApp.cpp
d:\course_docs\capstone\repos\vulkan_project\multiplemodels\vkapp.cpp(99): warning C4244: '+=': conversion from 'double' to 'float', possible loss of data
d:\course_docs\capstone\repos\vulkan_project\multiplemodels\vkapp.cpp(102): warning C4244: '-=': conversion from 'double' to 'float', possible loss of data
d:\course_docs\capstone\repos\vulkan_project\multiplemodels\vkapp.cpp(108): warning C4244: '+=': conversion from 'double' to 'T', possible loss of data
          with
          [
              T=float
          ]
d:\course_docs\capstone\repos\vulkan_project\multiplemodels\vkapp.cpp(111): warning C4244: '-=': conversion from 'double' to 'T', possible loss of data
          with
          [
              T=float
          ]
d:\course_docs\capstone\repos\vulkan_project\multiplemodels\vkapp.cpp(114): warning C4244: '+=': conversion from 'double' to 'T', possible loss of data
          with
          [
              T=float
          ]
d:\course_docs\capstone\repos\vulkan_project\multiplemodels\vkapp.cpp(117): warning C4244: '-=': conversion from 'double' to 'T', possible loss of data
          with
          [
              T=float
          ]
d:\course_docs\capstone\repos\vulkan_project\multiplemodels\vkapp.cpp(121): warning C4244: '-=': conversion from 'double' to 'float', possible loss of data
d:\course_docs\capstone\repos\vulkan_project\multiplemodels\vkapp.cpp(125): warning C4244: '+=': conversion from 'double' to 'float', possible loss of data
LINK : warning LNK4098: defaultlib 'MSVCRTD' conflicts with use of other libs; use /NODEFAULTLIB:library
  Generating code
  3 of 2659 functions ( 0.1%) were compiled, the rest were copied from previous compilation.
    0 functions were new in current compilation
    17 functions had inline decision re-evaluated but remain unchanged
  Finished generating code
glfw3.lib(context.obj) : warning LNK4099: PDB 'glfw.pdb' was not found with 'glfw3.lib(context.obj)' or at 'D:\Course_Docs\Capstone\Repos\Vulkan_Project\x64\Release\glfw.pdb'; linking object as if no debug info
glfw3.lib(init.obj) : warning LNK4099: PDB 'glfw.pdb' was not found with 'glfw3.lib(init.obj)' or at 'D:\Course_Docs\Capstone\Repos\Vulkan_Project\x64\Release\glfw.pdb'; linking object as if no debug info
glfw3.lib(input.obj) : warning LNK4099: PDB 'glfw.pdb' was not found with 'glfw3.lib(input.obj)' or at 'D:\Course_Docs\Capstone\Repos\Vulkan_Project\x64\Release\glfw.pdb'; linking object as if no debug info
glfw3.lib(monitor.obj) : warning LNK4099: PDB 'glfw.pdb' was not found with 'glfw3.lib(monitor.obj)' or at 'D:\Course_Docs\Capstone\Repos\Vulkan_Project\x64\Release\glfw.pdb'; linking object as if no debug info
glfw3.lib(vulkan.obj) : warning LNK4099: PDB 'glfw.pdb' was not found with 'glfw3.lib(vulkan.obj)' or at 'D:\Course_Docs\Capstone\Repos\Vulkan_Project\x64\Release\glfw.pdb'; linking object as if no debug info
glfw3.lib(window.obj) : warning LNK4099: PDB 'glfw.pdb' was not found with 'glfw3.lib(window.obj)' or at 'D:\Course_Docs\Capstone\Repos\Vulkan_Project\x64\Release\glfw.pdb'; linking object as if no debug info
glfw3.lib(win32_init.obj) : warning LNK4099: PDB 'glfw.pdb' was not found with 'glfw3.lib(win32_init.obj)' or at 'D:\Course_Docs\Capstone\Repos\Vulkan_Project\x64\Release\glfw.pdb'; linking object as if no debug info
glfw3.lib(win32_joystick.obj) : warning LNK4099: PDB 'glfw.pdb' was not found with 'glfw3.lib(win32_joystick.obj)' or at 'D:\Course_Docs\Capstone\Repos\Vulkan_Project\x64\Release\glfw.pdb'; linking object as if no debug info
glfw3.lib(win32_monitor.obj) : warning LNK4099: PDB 'glfw.pdb' was not found with 'glfw3.lib(win32_monitor.obj)' or at 'D:\Course_Docs\Capstone\Repos\Vulkan_Project\x64\Release\glfw.pdb'; linking object as if no debug info
glfw3.lib(win32_time.obj) : warning LNK4099: PDB 'glfw.pdb' was not found with 'glfw3.lib(win32_time.obj)' or at 'D:\Course_Docs\Capstone\Repos\Vulkan_Project\x64\Release\glfw.pdb'; linking object as if no debug info
glfw3.lib(win32_tls.obj) : warning LNK4099: PDB 'glfw.pdb' was not found with 'glfw3.lib(win32_tls.obj)' or at 'D:\Course_Docs\Capstone\Repos\Vulkan_Project\x64\Release\glfw.pdb'; linking object as if no debug info
glfw3.lib(win32_window.obj) : warning LNK4099: PDB 'glfw.pdb' was not found with 'glfw3.lib(win32_window.obj)' or at 'D:\Course_Docs\Capstone\Repos\Vulkan_Project\x64\Release\glfw.pdb'; linking object as if no debug info
glfw3.lib(wgl_context.obj) : warning LNK4099: PDB 'glfw.pdb' was not found with 'glfw3.lib(wgl_context.obj)' or at 'D:\Course_Docs\Capstone\Repos\Vulkan_Project\x64\Release\glfw.pdb'; linking object as if no debug info
glfw3.lib(egl_context.obj) : warning LNK4099: PDB 'glfw.pdb' was not found with 'glfw3.lib(egl_context.obj)' or at 'D:\Course_Docs\Capstone\Repos\Vulkan_Project\x64\Release\glfw.pdb'; linking object as if no debug info
  MultipleModels.vcxproj -> D:\Course_Docs\Capstone\Repos\Vulkan_Project\x64\Release\MultipleModels.exe
