  BufferManager.cpp
  CommandPool.cpp
  FileIO.cpp
  ImageManager.cpp
  InputSystem.cpp
d:\course_docs\nick_vulkan\uwb-vk\11-illumination\inputsystem.cpp(31): warning C4244: '=': conversion from 'double' to 'T', possible loss of data
          with
          [
              T=float
          ]
d:\course_docs\nick_vulkan\uwb-vk\11-illumination\inputsystem.cpp(32): warning C4244: '=': conversion from 'double' to 'T', possible loss of data
          with
          [
              T=float
          ]
d:\course_docs\nick_vulkan\uwb-vk\11-illumination\inputsystem.cpp(43): warning C4244: '+=': conversion from 'double' to 'T', possible loss of data
          with
          [
              T=float
          ]
  main.cpp
  Mesh.cpp
  QueueFamilies.cpp
  Renderable.cpp
  RenderSystem.cpp
  Shader.cpp
  Swapchain.cpp
  Texture.cpp
  VkApp.cpp
d:\course_docs\nick_vulkan\uwb-vk\11-illumination\vkapp.cpp(169): warning C4018: '<': signed/unsigned mismatch
  VulkanContext.cpp
  Generating Code...
glfw3.lib(context.obj) : warning LNK4099: PDB 'glfw.pdb' was not found with 'glfw3.lib(context.obj)' or at 'D:\Course_Docs\nick_vulkan\uwb-vk\x64\Debug\glfw.pdb'; linking object as if no debug info
glfw3.lib(init.obj) : warning LNK4099: PDB 'glfw.pdb' was not found with 'glfw3.lib(init.obj)' or at 'D:\Course_Docs\nick_vulkan\uwb-vk\x64\Debug\glfw.pdb'; linking object as if no debug info
glfw3.lib(input.obj) : warning LNK4099: PDB 'glfw.pdb' was not found with 'glfw3.lib(input.obj)' or at 'D:\Course_Docs\nick_vulkan\uwb-vk\x64\Debug\glfw.pdb'; linking object as if no debug info
glfw3.lib(monitor.obj) : warning LNK4099: PDB 'glfw.pdb' was not found with 'glfw3.lib(monitor.obj)' or at 'D:\Course_Docs\nick_vulkan\uwb-vk\x64\Debug\glfw.pdb'; linking object as if no debug info
glfw3.lib(vulkan.obj) : warning LNK4099: PDB 'glfw.pdb' was not found with 'glfw3.lib(vulkan.obj)' or at 'D:\Course_Docs\nick_vulkan\uwb-vk\x64\Debug\glfw.pdb'; linking object as if no debug info
glfw3.lib(window.obj) : warning LNK4099: PDB 'glfw.pdb' was not found with 'glfw3.lib(window.obj)' or at 'D:\Course_Docs\nick_vulkan\uwb-vk\x64\Debug\glfw.pdb'; linking object as if no debug info
glfw3.lib(win32_init.obj) : warning LNK4099: PDB 'glfw.pdb' was not found with 'glfw3.lib(win32_init.obj)' or at 'D:\Course_Docs\nick_vulkan\uwb-vk\x64\Debug\glfw.pdb'; linking object as if no debug info
glfw3.lib(win32_joystick.obj) : warning LNK4099: PDB 'glfw.pdb' was not found with 'glfw3.lib(win32_joystick.obj)' or at 'D:\Course_Docs\nick_vulkan\uwb-vk\x64\Debug\glfw.pdb'; linking object as if no debug info
glfw3.lib(win32_monitor.obj) : warning LNK4099: PDB 'glfw.pdb' was not found with 'glfw3.lib(win32_monitor.obj)' or at 'D:\Course_Docs\nick_vulkan\uwb-vk\x64\Debug\glfw.pdb'; linking object as if no debug info
glfw3.lib(win32_time.obj) : warning LNK4099: PDB 'glfw.pdb' was not found with 'glfw3.lib(win32_time.obj)' or at 'D:\Course_Docs\nick_vulkan\uwb-vk\x64\Debug\glfw.pdb'; linking object as if no debug info
glfw3.lib(win32_tls.obj) : warning LNK4099: PDB 'glfw.pdb' was not found with 'glfw3.lib(win32_tls.obj)' or at 'D:\Course_Docs\nick_vulkan\uwb-vk\x64\Debug\glfw.pdb'; linking object as if no debug info
glfw3.lib(win32_window.obj) : warning LNK4099: PDB 'glfw.pdb' was not found with 'glfw3.lib(win32_window.obj)' or at 'D:\Course_Docs\nick_vulkan\uwb-vk\x64\Debug\glfw.pdb'; linking object as if no debug info
glfw3.lib(wgl_context.obj) : warning LNK4099: PDB 'glfw.pdb' was not found with 'glfw3.lib(wgl_context.obj)' or at 'D:\Course_Docs\nick_vulkan\uwb-vk\x64\Debug\glfw.pdb'; linking object as if no debug info
glfw3.lib(egl_context.obj) : warning LNK4099: PDB 'glfw.pdb' was not found with 'glfw3.lib(egl_context.obj)' or at 'D:\Course_Docs\nick_vulkan\uwb-vk\x64\Debug\glfw.pdb'; linking object as if no debug info
  11-Illumination.vcxproj -> D:\Course_Docs\nick_vulkan\uwb-vk\x64\Debug\11-Illumination.exe
